<?xml version="1.0" encoding="UTF-8"?>
<!-- Generated by org.testng.reporters.JUnitXMLReporter -->
<testsuite hostname="DESKTOP-Q3CJFLA" name="WebPWASanityScript" tests="2" failures="2" timestamp="13 Aug 2020 06:01:19 GMT" time="1.761" errors="0">
  <testcase name="@BeforeTest init" time="0.0" classname="com.zee5.PWASanityScripts.WebPWASanityScript">
    <failure type="java.lang.NullPointerException">
      <![CDATA[java.lang.NullPointerException
	at com.driverInstance.Drivertools.<init>(Drivertools.java:235)
	at com.driverInstance.DriverInstance.<init>(DriverInstance.java:27)
	at com.driverInstance.CommandBase.<init>(CommandBase.java:48)
	at com.business.zee.Zee5PWASanityWEBBusinessLogic.<init>(Zee5PWASanityWEBBusinessLogic.java:48)
	at com.zee5.PWASanityScripts.WebPWASanityScript.init(WebPWASanityScript.java:16)
... Removed 22 stack frames]]>
    </failure>
  </testcase> <!-- @BeforeTest init -->
  <testcase name="PWAWEBLogin" time="0.003" classname="com.zee5.PWASanityScripts.WebPWASanityScript">
    <failure type="java.lang.NullPointerException">
      <![CDATA[java.lang.NullPointerException
	at com.extent.ExtentReporter.onTestStart(ExtentReporter.java:127)
... Removed 21 stack frames]]>
    </failure>
  </testcase> <!-- PWAWEBLogin -->
  <testcase name="PWAWEBLogin" time="0.027" classname="com.zee5.PWASanityScripts.WebPWASanityScript">
    <failure type="java.lang.NullPointerException">
      <![CDATA[java.lang.NullPointerException
	at com.extent.ExtentReporter.initExtentDriver(ExtentReporter.java:88)
	at com.extent.ExtentReporter.screencapture(ExtentReporter.java:203)
	at com.extent.ExtentReporter.onTestFailure(ExtentReporter.java:146)
... Removed 21 stack frames]]>
    </failure>
  </testcase> <!-- PWAWEBLogin -->
</testsuite> <!-- WebPWASanityScript -->
