<?xml version="1.0" encoding="UTF-8"?>
<!-- Generated by org.testng.reporters.JUnitXMLReporter -->
<testsuite hostname="DESKTOP-M2JB44L" ignored="0" name="Default test" tests="2" failures="0" timestamp="2021-07-08T13:13:38 IST" time="3.068" errors="0">
  <testcase name="@BeforeTest init" time="2.959" classname="com.zee5.CleverTapScripts.AMDCelverTapScript">
    <skipped/>
  </testcase> <!-- @BeforeTest init -->
  <testcase name="@AfterClass tearDown" time="-1.625730218706E9" classname="com.zee5.CleverTapScripts.AMDCelverTapScript">
    <skipped/>
  </testcase> <!-- @AfterClass tearDown -->
  <testcase name="CleverTapLogin" time="0.0" classname="com.zee5.CleverTapScripts.AMDCelverTapScript">
    <skipped/>
  </testcase> <!-- CleverTapLogin -->
  <testcase name="CleverTapNavigation" time="0.0" classname="com.zee5.CleverTapScripts.AMDCelverTapScript">
    <skipped/>
  </testcase> <!-- CleverTapNavigation -->
</testsuite> <!-- Default test -->
