<?xml version="1.0" encoding="UTF-8"?>
<testng-results total="1" passed="1" failed="0" skipped="0">
  <reporter-output>
  </reporter-output>
  <suite started-at="2020-09-27T15:46:35Z" name="MPWA" finished-at="2020-09-27T15:46:35Z" duration-ms="19">
    <groups>
      <group name="SmokeTest">
        <method signature="GroupTests.PWAWEBMixPanelLogin3()[pri:3, instance:com.GroupingExample.GroupTests@5939a379]" name="PWAWEBMixPanelLogin3" class="com.GroupingExample.GroupTests"/>
      </group> <!-- SmokeTest -->
      <group name="Login3">
        <method signature="GroupTests.PWAWEBMixPanelLogin3()[pri:3, instance:com.GroupingExample.GroupTests@5939a379]" name="PWAWEBMixPanelLogin3" class="com.GroupingExample.GroupTests"/>
      </group> <!-- Login3 -->
    </groups>
    <test started-at="2020-09-27T15:46:35Z" name="Test" finished-at="2020-09-27T15:46:35Z" duration-ms="19">
      <class name="com.GroupingExample.GroupTests">
        <test-method signature="PWAWEBMixPanelLogin3()[pri:3, instance:com.GroupingExample.GroupTests@5939a379]" started-at="2020-09-27T21:16:35Z" name="PWAWEBMixPanelLogin3" finished-at="2020-09-27T21:16:35Z" duration-ms="8" status="PASS">
          <reporter-output>
          </reporter-output>
        </test-method> <!-- PWAWEBMixPanelLogin3 -->
      </class> <!-- com.GroupingExample.GroupTests -->
    </test> <!-- Test -->
  </suite> <!-- MPWA -->
</testng-results>
